warning: tag INPUT: input source `mainpage.md' does not exist
warning: source mainpage.md is not a readable file or directory... skipping.
/home/travis/build/henryiii/CLI11/include/CLI/TypeTools.hpp:31: warning: Compound CLI::is_vector< std::vector< T, A > > is not documented.
/home/travis/build/henryiii/CLI11/include/CLI/TypeTools.hpp:36: warning: Compound CLI::is_bool is not documented.
/home/travis/build/henryiii/CLI11/include/CLI/TypeTools.hpp:25: warning: Compound CLI::is_vector is not documented.
/home/travis/build/henryiii/CLI11/include/CLI/TypeTools.hpp:41: warning: Compound CLI::is_bool< bool > is not documented.
/home/travis/build/henryiii/CLI11/include/CLI/Option.hpp:24: warning: Compound CLI::Option is not documented.
Searching for include files...
Searching for example files...
Searching for images...
Searching for dot files...
Searching for msc files...
Searching for dia files...
Searching for files to exclude
Searching INPUT for files to process...
Searching for files in directory /home/travis/build/henryiii/CLI11/include
Searching for files in directory /home/travis/build/henryiii/CLI11/include/CLI
Reading and parsing tag files
Parsing files
Preprocessing /home/travis/build/henryiii/CLI11/include/CLI/App.hpp...
Parsing file /home/travis/build/henryiii/CLI11/include/CLI/App.hpp...
Preprocessing /home/travis/build/henryiii/CLI11/include/CLI/CLI.hpp...
Parsing file /home/travis/build/henryiii/CLI11/include/CLI/CLI.hpp...
Preprocessing /home/travis/build/henryiii/CLI11/include/CLI/Error.hpp...
Parsing file /home/travis/build/henryiii/CLI11/include/CLI/Error.hpp...
Preprocessing /home/travis/build/henryiii/CLI11/include/CLI/Ini.hpp...
Parsing file /home/travis/build/henryiii/CLI11/include/CLI/Ini.hpp...
Preprocessing /home/travis/build/henryiii/CLI11/include/CLI/Option.hpp...
Parsing file /home/travis/build/henryiii/CLI11/include/CLI/Option.hpp...
Preprocessing /home/travis/build/henryiii/CLI11/include/CLI/Split.hpp...
Parsing file /home/travis/build/henryiii/CLI11/include/CLI/Split.hpp...
Preprocessing /home/travis/build/henryiii/CLI11/include/CLI/StringTools.hpp...
Parsing file /home/travis/build/henryiii/CLI11/include/CLI/StringTools.hpp...
Preprocessing /home/travis/build/henryiii/CLI11/include/CLI/TypeTools.hpp...
Parsing file /home/travis/build/henryiii/CLI11/include/CLI/TypeTools.hpp...
Preprocessing /home/travis/build/henryiii/CLI11/include/CLI/Validators.hpp...
Parsing file /home/travis/build/henryiii/CLI11/include/CLI/Validators.hpp...
Building group list...
Building directory list...
Building namespace list...
Building file list...
Building class list...
Associating documentation with classes...
Computing nesting relations for classes...
Building example list...
Searching for enumerations...
Searching for documented typedefs...
Searching for members imported via using declarations...
Searching for included using directives...
Searching for documented variables...
Building interface member list...
Building member list...
Searching for friends...
Searching for documented defines...
Computing class inheritance relations...
Computing class usage relations...
Flushing cached template relations that have become invalid...
Computing class relations...
Add enum values to enums...
Searching for member function documentation...
Creating members for template instances...
Building page list...
Search for main page...
Computing page relations...
Determining the scope of groups...
Sorting lists...
Freeing entry tree
Determining which enums are documented
Computing member relations...
Building full member lists recursively...
Adding members to member groups.
Computing member references...
Inheriting documentation...
Generating disk names...
Adding source references...
Adding xrefitems...
Sorting member lists...
Computing dependencies between directories...
Generating citations page...
Counting data structures...
Resolving user defined references...
Finding anchors and sections in the documentation...
Transferring function references...
Combining using relations...
Adding members to index pages...
Generating style sheet...
Generating search indices...
Generating example documentation...
Generating file sources...
Generating code for file /home/travis/build/henryiii/CLI11/include/CLI/App.hpp...
Generating code for file /home/travis/build/henryiii/CLI11/include/CLI/CLI.hpp...
Generating code for file /home/travis/build/henryiii/CLI11/include/CLI/Error.hpp...
Generating code for file /home/travis/build/henryiii/CLI11/include/CLI/Ini.hpp...
Generating code for file /home/travis/build/henryiii/CLI11/include/CLI/Option.hpp...
Generating code for file /home/travis/build/henryiii/CLI11/include/CLI/Split.hpp...
Generating code for file /home/travis/build/henryiii/CLI11/include/CLI/StringTools.hpp...
Generating code for file /home/travis/build/henryi/home/travis/build/henryiii/CLI11/include/CLI/App.hpp:602: warning: Member _parse_subcommand(std::vector< std::string > &args) (function) of class CLI::App is not documented.
/home/travis/build/henryiii/CLI11/include/CLI/App.hpp:42: warning: Member name (variable) of class CLI::App is not documented.
/home/travis/build/henryiii/CLI11/include/CLI/App.hpp:43: warning: Member prog_description (variable) of class CLI::App is not documented.
/home/travis/build/henryiii/CLI11/include/CLI/App.hpp:44: warning: Member options (variable) of class CLI::App is not documented.
/home/travis/build/henryiii/CLI11/include/CLI/App.hpp:45: warning: Member missing_options (variable) of class CLI::App is not documented.
/home/travis/build/henryiii/CLI11/include/CLI/App.hpp:46: warning: Member positionals (variable) of class CLI::App is not documented.
/home/travis/build/henryiii/CLI11/include/CLI/App.hpp:47: warning: Member subcommands (variable) of class CLI::App is not documented.
/home/travis/build/henryiii/CLI11/include/CLI/App.hpp:48: warning: Member parsed (variable) of class CLI::App is not documented.
/home/travis/build/henryiii/CLI11/include/CLI/App.hpp:49: warning: Member subcommand (variable) of class CLI::App is not documented.
/home/travis/build/henryiii/CLI11/include/CLI/App.hpp:50: warning: Member required_subcommand (variable) of class CLI::App is not documented.
/home/travis/build/henryiii/CLI11/include/CLI/App.hpp:51: warning: Member progname (variable) of class CLI::App is not documented.
/home/travis/build/henryiii/CLI11/include/CLI/App.hpp:52: warning: Member help_flag (variable) of class CLI::App is not documented.
/home/travis/build/henryiii/CLI11/include/CLI/App.hpp:54: warning: Member app_callback (variable) of class CLI::App is not documented.
/home/travis/build/henryiii/CLI11/include/CLI/App.hpp:56: warning: Member ini_file (variable) of class CLI::App is not documented.
/home/travis/build/henryiii/CLI11/include/CLI/App.hpp:57: warning: Member ini_required (variable) of class CLI::App is not documented.
/home/travis/build/henryiii/CLI11/include/CLI/App.hpp:58: warning: Member ini_setting (variable) of class CLI::App is not documented.
/home/travis/build/henryiii/CLI11/include/CLI/App.hpp:231: warning: The following parameters of CLI::App::add_flag(std::string name, T &count, std::string description="") are not documented:
  parameter 'name'
  parameter 'description'
/home/travis/build/henryiii/CLI11/include/CLI/App.hpp:253: warning: The following parameters of CLI::App::add_flag(std::string name, T &count, std::string description="") are not documented:
  parameter 'name'
  parameter 'description'
/home/travis/build/henryiii/CLI11/include/CLI/App.hpp:154: warning: The following parameters of CLI::App::add_option(std::string name, T &variable, std::string description="", bool defaulted=false) are not documented:
  parameter 'name'
  parameter 'description'
  parameter 'defaulted'
/home/travis/build/henryiii/CLI11/include/CLI/App.hpp:184: warning: The following parameters of CLI::App::add_option(std::string name, std::vector< T > &variable, std::string description="", bool defaulted=false) are not documented:
  parameter 'name'
  parameter 'description'
  parameter 'defaulted'
/home/travis/build/henryiii/CLI11/include/CLI/App.hpp:275: warning: The following parameters of CLI::App::add_set(std::string name, T &member, std::set< T > _options, std::string description="", bool defaulted=false) are not documented:
  parameter 'name'
  parameter 'description'
  parameter 'defaulted'
sh: 1: epstopdf: not found
error: Problems running epstopdf. Check your TeX installation!
/home/travis/build/henryiii/CLI11/include/CLI/Error.hpp:40: warning: Member BadNameString(std::string name) (function) of class CLI::BadNameString is not documented.
/home/travis/build/henryiii/CLI11/include/CLI/Error.hpp:30: warning: Member ConstructionError(std::string parent, std::string name, int exit_code=255, bool print_help=true) (function) of class CLI::ConstructionError is not documented.
/home/travis/build/henryiii/CLI11/include/CLI/Error.hpp:24: warning: Member Error(std::string parent, std::string name, int exit_code=255, bool print_help=true) (function) of class CLI::Error is not documented.
/home/travis/build/henryiii/CLI11/include/CLI/Error.hpp:22: warning: Member exit_code (variable) of class CLI::Error is not documented.
/home/travis/build/henryiii/CLI11/include/CLI/Error.hpp:23: warning: Member print_help (variable) of class CLI::Error is not documented.
sh: 1: epstopdf: not found
error: Problems running epstopdf. Check your TeX installation!
/home/travis/build/henryiii/CLI11/include/CLI/Error.hpp:52: warning: Member ParseError(std::string parent, std::string name, int exit_code=255, bool print_help=true) (function) of class CLI::ParseError is not documented.
/home/travis/build/henryiii/CLI11/include/CLI/Error.hpp:24: warning: Member Error(std::string parent, std::string name, int exit_code=255, bool print_help=true) (function) of class CLI::Error is not documented.
/home/travis/build/henryiii/CLI11/include/CLI/Error.hpp:22: warning: Member exit_code (variable) of class CLI::Error is not documented.
/home/travis/build/henryiii/CLI11/include/CLI/Error.hpp:23: warning: Member print_help (variable) of class CLI::Error is not documented.
sh: 1: epstopdf: not found
error: Problems running epstopdf. Check your TeX installation!
/home/travis/build/henryiii/CLI11/include/CLI/Error.hpp:30: warning: Member ConstructionError(std::string parent, std::string name, int exit_code=255, bool print_help=true) (function) of class CLI::ConstructionError is not documented.
/home/travis/build/henryiii/CLI11/include/CLI/Error.hpp:24: warning: Member Error(std::string parent, std::string name, int exit_code=255, bool print_help=true) (function) of class CLI::Error is not documented.
/home/travis/build/henryiii/CLI11/include/CLI/Error.hpp:22: warning: Member exit_code (variable) of class CLI::Error is not documented.
/home/travis/build/henryiii/CLI11/include/CLI/Error.hpp:23: warning: Member print_help (variable) of class CLI::Error is not documented.
sh: 1: epstopdf: not found
error: Problems running epstopdf. Check your TeX installation!
/home/travis/build/henryiii/CLI11/include/CLI/Error.hpp:75: warning: Member ConversionError(std::string name) (function) of class CLI::ConversionError is not documented.
/home/travis/build/henryiii/CLI11/include/CLI/Error.hpp:52: warning: Member ParseError(std::string parent, std::string name, int exit_code=255, bool print_help=true) (function) of class CLI::ParseError is not documented.
/home/travis/build/henryiii/CLI11/include/CLI/Error.hpp:24: warning: Member Error(std::string parent, std::string name, int exit_code=255, bool print_help=true) (function) of class CLI::Error is not documented.
/home/travis/build/henryiii/CLI11/include/CLI/Error.hpp:22: warning: Member exit_code (variable) of class CLI::Error is not documented.
/home/travis/build/henryiii/CLI11/include/CLI/Error.hpp:23: warning: Member print_help (variable) of class CLI::Error is not documented.
sh: 1: epstopdf: not found
error: Problems running epstopdf. Check your TeX installation!
/home/travis/build/henryiii/CLI11/include/CLI/Error.hpp:24: warning: Member Error(std::string parent, std::string name, int exit_code=255, bool print_help=true) (function) of class CLI::Error is not documented.
/home/travis/build/henryiii/CLI11/include/CLI/Error.hpp:22: warning: Member exit_code (variable) of class CLI::Error is not documented.
/home/travis/build/henryiii/CLI11/include/CLI/Error.hpp:23: warning: Member print_help (variable) of class CLI::Error is not documented.
sh: 1: epstopdf: not found
error: Problems running epstopdf. Check your TeX installation!
/home/travis/build/henryiii/CLI11/include/CLI/Error.hpp:95: warning: Member ExcludesError(std::string name, std::string subname) (function) of class CLI::ExcludesError is not documented.
/home/travis/build/henryiii/CLI11/include/CLI/Error.hpp:52: warning: Member ParseError(std::string parent, std::string name, int exit_code=255, bool print_help=true) (function) of class CLI::ParseError is not documented.
/home/travis/build/henryiii/CLI11/include/CLI/Error.hpp:24: warning: Member Error(std::string parent, std::string name, int exit_code=255, bool print_help=true) (function) of class CLI::Error is not documented.
/home/travis/build/henryiii/CLI11/include/CLI/Error.hpp:22: warning: Member exit_code (variable) of class CLI::Error is not documented.
/home/travis/build/henryiii/CLI11/include/CLI/Error.hpp:23: warning: Member print_help (variable) of class CLI::Error is not documented.
sh: 1: epstopdf: not found
error: Problems running epstopdf. Check your TeX installation!
/home/travis/build/henryiii/CLI11/include/CLI/Error.hpp:70: warning: Member FileError(std::string name) (function) of class CLI::FileError is not documented.
/home/travis/build/henryiii/CLI11/include/CLI/Error.hpp:52: warning: Member ParseError(std::string parent, std::string name, int exit_code=255, bool print_help=true) (function) of class CLI::ParseError is not documented.
/home/travis/build/henryiii/CLI11/include/CLI/Error.hpp:24: warning: Member Error(std::string parent, std::string name, int exit_code=255, bool print_help=true) (function) of class CLI::Error is not documented.
/home/travis/build/henryiii/CLI11/include/CLI/Error.hpp:22: warning: Member exit_code (variable) of class CLI::Error is not documented.
/home/travis/build/henryiii/CLI11/include/CLI/Error.hpp:23: warning: Member print_help (variable) of class CLI::Error is not documented.
sh: 1: epstopdf: not found
error: Problems running epstopdf. Check your TeX installation!
/home/travis/build/henryiii/CLI11/include/CLI/Error.hpp:105: warning: Member HorribleError(std::string name) (function) of class CLI::HorribleError is not documented.
/home/travis/build/henryiii/CLI11/include/CLI/Error.hpp:52: warning: Member ParseError(std::string parent, std::string name, int exit_code=255, bool print_help=true) (function) of class CLI::ParseError is not documented.
/home/travis/build/henryiii/CLI11/include/CLI/Error.hpp:24: warning: Member Error(std::string parent, std::string name, int exit_code=255, bool print_help=true) (function) of class CLI::Error is not documented.
/home/travis/build/henryiii/CLI11/include/CLI/Error.hpp:22: warning: Member exit_code (variable) of class CLI::Error is not documented.
/home/travis/build/henryiii/CLI11/include/CLI/Error.hpp:23: warning: Member print_help (variable) of class CLI::Error is not documented.
sh: 1: epstopdf: not found
error: Problems running epstopdf. Check your TeX installation!
/home/travis/build/henryiii/CLI11/include/CLI/Error.hpp:35: warning: Member IncorrectConstruction(std::string name) (function) of class CLI::IncorrectConstruction is not documented.
/home/travis/build/henryiii/CLI11/include/CLI/Error.hpp:30: warning: Member ConstructionError(std::string parent, std::string name, int exit_code=255, bool print_help=true) (function) of class CLI::ConstructionError is not documented.
/home/travis/build/henryiii/CLI11/include/CLI/Error.hpp:24: warning: Member Error(std::string parent, std::string name, int exit_code=255, bool print_help=true) (function) of class CLI::Error is not documented.
/home/travis/build/henryiii/CLI11/include/CLI/Error.hpp:22: warning: Member exit_code (variable) of class CLI::Error is not documented.
/home/travis/build/henryiii/CLI11/include/CLI/Error.hpp:23: warning: Member print_help (variable) of class CLI::Error is not documented.
/home/travis/build/henryiii/CLI11/include/CLI/TypeTools.hpp:37: warning: Member value (variable) of class CLI::is_bool is not documented.
/home/travis/build/henryiii/CLI11/include/CLI/TypeTools.hpp:42: warning: Member value (variable) of class CLI::is_bool< bool > is not documented.
/home/travis/build/henryiii/CLI11/include/CLI/TypeTools.hpp:26: warning: Member value (variable) of class CLI::is_vector is not documented.
/home/travis/build/henryiii/CLI11/include/CLI/TypeTools.hpp:32: warning: Member value (variable) of class CLI::is_vector< std::vector< T, A > > is not documented.
/home/travis/build/henryiii/CLI11/include/CLI/Option.hpp:55: warning: Member Option(std::string name, std::string description="", std::function< bool(results_t)> callback=[](results_t){return true;}, bool _default=true) (function) of class CLI::Option is not documented.
/home/travis/build/henryiii/CLI11/include/CLI/Option.hpp:62: warning: Member operator bool() const (function) of class CLI::Option is not documented.
/home/travis/build/henryiii/CLI11/include/CLI/Option.hpp:193: warning: Member get_pname() const (function) of class CLI::Option is not documented.
/home/travis/build/henryiii/CLI11/include/CLI/Option.hpp:28: warning: Member snames (variable) of class CLI::Option is not documented.
/home/travis/build/henryiii/CLI11/include/CLI/Option.hpp:29: warning: Member lnames (variable) of class CLI::Option is not documented.
/home/travis/build/henryiii/CLI11/include/CLI/Option.hpp:30: warning: Member pname (variable) of class CLI::Option is not documented.
/home/travis/build/henryiii/CLI11/include/CLI/Option.hpp:32: warning: Member description (variable) of class CLI::Option is not documented.
/home/travis/build/henryiii/CLI11/include/CLI/Option.hpp:33: warning: Member callback (variable) of class CLI::Option is not documented.
/home/travis/build/henryiii/CLI11/include/CLI/Option.hpp:36: warning: Member defaultval (variable) of class CLI::Option is not documented.
/home/travis/build/henryiii/CLI11/include/CLI/Option.hpp:37: warning: Member typeval (variable) of class CLI::Option is not documented.
/home/travis/build/henryiii/CLI11/include/CLI/Option.hpp:38: warning: Member _group (variable) of class CLI::Option is not documented.
/home/travis/build/henryiii/CLI11/include/CLI/Option.hpp:40: warning: Member _default (variable) of class CLI::Option is not documented.
/home/travis/build/henryiii/CLI11/include/CLI/Option.hpp:41: warning: Member _required (variable) of class CLI::Option is not documented.
/home/travis/build/henryiii/CLI11/include/CLI/Option.hpp:42: warning: Member _expected (variable) of class CLI::Option is not documented.
/home/travis/build/henryiii/CLI11/include/CLI/Option.hpp:43: warning: Member allow_vector (variable) of class CLI::Option is not documented.
/home/travis/build/henryiii/CLI11/include/CLI/Option.hpp:44: warning: Member _validators (variable) of class CLI::Option is not documented.
/home/travis/build/henryiii/CLI11/include/CLI/Option.hpp:46: warning: Member _requires (variable) of class CLI::Option is not documented.
/home/travis/build/henryiii/CLI11/include/CLI/Option.hpp:47: warning: Member _excludes (variable) of class CLI::Option is not documented.
/home/travis/build/henryiii/CLI11/include/CLI/Option.hpp:48: warning: Member _envname (variable) of class CLI::Option is not documented.
/home/travis/build/henryiii/CLI11/include/CLI/Option.hpp:51: warning: Member results (variable) of class CLI::Option is not documented.
sh: 1: epstopdf: not found
error: Problems running epstopdf. Check your TeX installation!
/home/travis/build/henryiii/CLI11/include/CLI/Error.hpp:45: warning: Member OptionAlreadyAdded(std::string name) (function) of class CLI::OptionAlreadyAdded is not documented.
/home/travis/build/henryiii/CLI11/include/CLI/Error.hpp:30: warning: Member ConstructionError(std::string parent, std::string name, int exit_code=255, bool print_help=true) (function) of class CLI::ConstructionError is not documented.
/home/travis/build/henryiii/CLI11/include/CLI/Error.hpp:24: warning: Member Error(std::string parent, std::string name, int exit_code=255, bool print_help=true) (function) of class CLI::Error is not documented.
/home/travis/build/henryiii/CLI11/include/CLI/Error.hpp:22: warning: Member exit_code (variable) of class CLI::Error is not documented.
/home/travis/build/henryiii/CLI11/include/CLI/Error.hpp:23: warning: Member print_help (variable) of class CLI::Error is not documented.
sh: 1: epstopdf: not found
error: Problems running epstopdf. Check your TeX installation!
/home/travis/build/henryiii/CLI11/include/CLI/Error.hpp:112: warning: Member OptionNotFound(std::string name) (function) of class CLI::OptionNotFound is not documented.
/home/travis/build/henryiii/CLI11/include/CLI/Error.hpp:24: warning: Member Error(std::string parent, std::string name, int exit_code=255, bool print_help=true) (function) of class CLI::Error is not documented.
/home/travis/build/henryiii/CLI11/include/CLI/Error.hpp:22: warning: Member exit_code (variable) of class CLI::Error is not documented.
/home/travis/build/henryiii/CLI11/include/CLI/Error.hpp:23: warning: Member print_help (variable) of class CLI::Error is not documented.
sh: 1: epstopdf: not found
error: Problems running epstopdf. Check your TeX installation!
/home/travis/build/henryiii/CLI11/include/CLI/Error.hpp:52: warning: Member ParseError(std::string parent, std::string name, int exit_code=255, bool print_help=true) (function) of class CLI::ParseError is not documented.
/home/travis/build/henryiii/CLI11/include/CLI/Error.hpp:24: warning: Member Error(std::string parent, std::string name, int exit_code=255, bool print_help=true) (function) of class CLI::Error is not documented.
/home/travis/build/henryiii/CLI11/include/CLI/Error.hpp:22: warning: Member exit_code (variable) of class CLI::Error is not documented.
/home/travis/build/henryiii/CLI11/include/CLI/Error.hpp:23: warning: Member print_help (variable) of class CLI::Error is not documented.
sh: 1: epstopdf: not found
error: Problems running epstopdf. Check your TeX installation!
/home/travis/build/henryiii/CLI11/include/CLI/Error.hpp:100: warning: Member PositionalError(std::string name) (function) of class CLI::PositionalError is not documented.
/home/travis/build/henryiii/CLI11/include/CLI/Error.hpp:52: warning: Member ParseError(std::string parent, std::string name, int exit_code=255, bool print_help=true) (function) of class CLI::ParseError is not documented.
/home/travis/build/henryiii/CLI11/include/CLI/Error.hpp:24: warning: Member Error(std::string parent, std::string name, int exit_code=255, bool print_help=true) (function) of class CLI::Error is not documented.
/home/travis/build/henryiii/CLI11/include/CLI/Error.hpp:22: warning: Member exit_code (variable) of class CLI::Error is not documented.
/home/travis/build/henryiii/CLI11/include/CLI/Error.hpp:23: warning: Member print_help (variable) of class CLI::Error is not documented.
sh: 1: epstopdf: not found
error: Problems running epstopdf. Check your TeX installation!
/home/travis/build/henryiii/CLI11/include/CLI/Error.hpp:85: warning: Member RequiredError(std::string name) (function) of class CLI::RequiredError is not documented.
/home/travis/build/henryiii/CLI11/include/CLI/Error.hpp:52: warning: Member ParseError(std::string parent, std::string name, int exit_code=255, bool print_help=true) (function) of class CLI::ParseError is not documented.
/home/travis/build/henryiii/CLI11/include/CLI/Error.hpp:24: warning: Member Error(std::string parent, std::string name, int exit_code=255, bool print_help=true) (function) of class CLI::Error is not documented.
/home/travis/build/henryiii/CLI11/include/CLI/Error.hpp:22: warning: Member exit_code (variable) of class CLI::Error is not documented.
/home/travis/build/henryiii/CLI11/include/CLI/Error.hpp:23: warning: Member print_help (variable) of class CLI::Error is not documented.
sh: 1: epstopdf: not found
error: Problems running epstopdf. Check your TeX installation!
/home/travis/build/henryiii/CLI11/include/CLI/Error.hpp:90: warning: Member RequiresError(std::string name, std::string subname) (function) of class CLI::RequiresError is not documented.
/home/travis/build/henryiii/CLI11/include/CLI/Error.hpp:52: warning: Member ParseError(std::string parent, std::string name, int exit_code=255, bool print_help=true) (function) of class CLI::ParseError is not documented.
/home/travis/build/henryiii/CLI11/include/CLI/Error.hpp:24: warning: Member Error(std::string parent, std::string name, int exit_code=255, bool print_help=true) (function) of class CLI::Error is not documented.
/home/travis/build/henryiii/CLI11/include/CLI/Error.hpp:22: warning: Member exit_code (variable) of class CLI::Error is not documented.
/home/travis/build/henryiii/CLI11/include/CLI/Error.hpp:23: warning: Member print_help (variable) of class CLI::Error is not documented.
sh: 1: epstopdf: not found
error: Problems running epstopdf. Check your TeX installation!
/home/travis/build/henryiii/CLI11/include/CLI/Error.hpp:52: warning: Member ParseError(std::string parent, std::string name, int exit_code=255, bool print_help=true) (function) of class CLI::ParseError is not documented.
/home/travis/build/henryiii/CLI11/include/CLI/Error.hpp:24: warning: Member Error(std::string parent, std::string name, int exit_code=255, bool print_help=true) (function) of class CLI::Error is not documented.
/home/travis/build/henryiii/CLI11/include/CLI/Error.hpp:22: warning: Member exit_code (variable) of class CLI::Error is not documented.
/home/travis/build/henryiii/CLI11/include/CLI/Error.hpp:23: warning: Member print_help (variable) of class CLI::Error is not documented.
sh: 1: epstopdf: not found
error: Problems running epstopdf. Check your TeX installation!
/home/travis/build/henryiii/CLI11/include/CLI/Error.hpp:80: warning: Member ValidationError(std::string name) (function) of class CLI::ValidationError is not documented.
/home/travis/build/henryiii/CLI11/include/CLI/Error.hpp:52: warning: Member ParseError(std::string parent, std::string name, int exit_code=255, bool print_help=true) (function) of class CLI::ParseError is not documented.
/home/travis/build/henryiii/CLI11/include/CLI/Error.hpp:24: warning: Member Error(std::string parent, std::string name, int exit_code=255, bool print_help=true) (function) of class CLI::Error is not documented.
/home/travis/build/henryiii/CLI11/include/CLI/Error.hpp:22: warning: Member exit_code (variable) of class CLI::Error is not documented.
/home/travis/build/henryiii/CLI11/include/CLI/Error.hpp:23: warning: Member print_help (variable) of class CLI::Error is not documented.
ii/CLI11/include/CLI/TypeTools.hpp...
Generating code for file /home/travis/build/henryiii/CLI11/include/CLI/Validators.hpp...
Generating file documentation...
Generating page documentation...
Generating group documentation...
Generating class documentation...
Generating namespace index...
Generating docs for compound CLI::App...
Generating docs for compound CLI::BadNameString...
Generating docs for compound CLI::CallForHelp...
Generating docs for compound CLI::ConstructionError...
Generating docs for compound CLI::ConversionError...
Generating docs for compound CLI::Error...
Generating docs for compound CLI::ExcludesError...
Generating docs for compound CLI::FileError...
Generating docs for compound CLI::HorribleError...
Generating docs for compound CLI::IncorrectConstruction...
Generating docs for compound CLI::is_bool...
Generating docs for compound CLI::is_bool< bool >...
Generating docs for compound CLI::is_vector...
Generating docs for compound CLI::is_vector< std::vector< T, A > >...
Generating docs for compound CLI::Option...
Generating docs for compound CLI::OptionAlreadyAdded...
Generating docs for compound CLI::OptionNotFound...
Generating docs for compound CLI::ParseError...
Generating docs for compound CLI::PositionalError...
Generating docs for compound CLI::RequiredError...
Generating docs for compound CLI::RequiresError...
Generating docs for compound CLI::Success...
Generating docs for compound CLI::ValidationError...
Generating graph info page...
Generating directory documentation...
Generating index page...
Generating page index...
Generating module index...
Generating namespace index...
Generating namespace member index...
Generating annotated compound index...
Generating alphabetical compound index...
Generating hierarchical class index...
Generating member index...
Generating file index...
Generating file member index...
Generating example index...
finalizing index lists...
writing tag file...
lookup cache used 286/65536 hits=2285 misses=299
finished...
